  Fluid.cpp
C:\Users\alla0\Documents\GitHub\FluidSim\FluidSim\Fluid.cpp(23,16): warning C4244: 'initializing': conversion from 'float' to 'int', possible loss of data
C:\Users\alla0\Documents\GitHub\FluidSim\FluidSim\Fluid.cpp(61,17): warning C4244: 'initializing': conversion from 'int' to 'float', possible loss of data
C:\Users\alla0\Documents\GitHub\FluidSim\FluidSim\Fluid.cpp(63,21): warning C4244: 'initializing': conversion from 'int' to 'float', possible loss of data
C:\Users\alla0\Documents\GitHub\FluidSim\FluidSim\Fluid.cpp(71,37): warning C4838: conversion from 'float' to 'unsigned char' requires a narrowing conversion
C:\Users\alla0\Documents\GitHub\FluidSim\FluidSim\Fluid.cpp(71,37): warning C4244: 'initializing': conversion from 'float' to 'unsigned char', possible loss of data
C:\Users\alla0\Documents\GitHub\FluidSim\FluidSim\Fluid.cpp(71,51): warning C4838: conversion from 'float' to 'unsigned char' requires a narrowing conversion
C:\Users\alla0\Documents\GitHub\FluidSim\FluidSim\Fluid.cpp(71,51): warning C4244: 'initializing': conversion from 'float' to 'unsigned char', possible loss of data
C:\Users\alla0\Documents\GitHub\FluidSim\FluidSim\Fluid.cpp(72,29): warning C4244: 'argument': conversion from 'float' to 'int', possible loss of data
C:\Users\alla0\Documents\GitHub\FluidSim\FluidSim\Fluid.cpp(72,27): warning C4244: 'argument': conversion from 'float' to 'int', possible loss of data
C:\Users\alla0\Documents\GitHub\FluidSim\FluidSim\Fluid.cpp(80,21): warning C4244: 'initializing': conversion from 'int' to 'float', possible loss of data
C:\Users\alla0\Documents\GitHub\FluidSim\FluidSim\Fluid.cpp(81,21): warning C4244: 'initializing': conversion from 'int' to 'float', possible loss of data
C:\Users\alla0\Documents\GitHub\FluidSim\FluidSim\Fluid.cpp(85,50): warning C4244: 'argument': conversion from 'float' to 'int', possible loss of data
C:\Users\alla0\Documents\GitHub\FluidSim\FluidSim\Fluid.cpp(85,34): warning C4244: 'argument': conversion from 'float' to 'int', possible loss of data
C:\Users\alla0\Documents\GitHub\FluidSim\FluidSim\Fluid.cpp(85,29): warning C4244: 'argument': conversion from 'float' to 'int', possible loss of data
C:\Users\alla0\Documents\GitHub\FluidSim\FluidSim\Fluid.cpp(85,26): warning C4244: 'argument': conversion from 'float' to 'int', possible loss of data
C:\Users\alla0\Documents\GitHub\FluidSim\FluidSim\Fluid.cpp(130,13): warning C4244: 'initializing': conversion from 'double' to 'float', possible loss of data
C:\Users\alla0\Documents\GitHub\FluidSim\FluidSim\Fluid.cpp(137,14): warning C4244: '=': conversion from 'double' to 'float', possible loss of data
C:\Users\alla0\Documents\GitHub\FluidSim\FluidSim\Fluid.cpp(169,62): warning C4244: '=': conversion from 'double' to '_Ty', possible loss of data
          with
          [
              _Ty=float
          ]
C:\Users\alla0\Documents\GitHub\FluidSim\FluidSim\Fluid.cpp(179,44): warning C4244: '-=': conversion from 'double' to '_Ty', possible loss of data
          with
          [
              _Ty=float
          ]
C:\Users\alla0\Documents\GitHub\FluidSim\FluidSim\Fluid.cpp(180,44): warning C4244: '-=': conversion from 'double' to '_Ty', possible loss of data
          with
          [
              _Ty=float
          ]
  FluidSim.vcxproj -> C:\Users\alla0\Documents\GitHub\FluidSim\x64\Debug\FluidSim.exe
